<?xml version="1.0" encoding="UTF-8"?>
<testsuite xmlns:xsi="http://www.w3.org/2001/XMLSchema-instance" xsi:noNamespaceSchemaLocation="https://maven.apache.org/surefire/maven-surefire-plugin/xsd/surefire-test-report-3.0.xsd" version="3.0" name="tests.PetStoreTest" time="7.378" tests="3" errors="0" skipped="0" failures="0">
  <properties>
[...]
</properties>
  <testcase name="Get pet by id" classname="Petstore workshop pet" time="1.843">
    <system-out><![CDATA[class Pet {
    id: 81360415
    category: class Category {
        id: 81360415
        name: bull
    }
    name: Olivia
    photoUrls: null
    tags: null
    status: available
}
]]></system-out>
  </testcase>
  <testcase name="Update the user" classname="Petstore workshop user" time="3.009"/>
  <testcase name="Delete the user" classname="Petstore workshop user" time="2.26"/>
</testsuite>